0 info it worked if it ends with ok
1 verbose cli [ 'C:\\Program Files\\nodejs\\node.exe',
1 verbose cli   'C:\\Users\\zarko\\AppData\\Roaming\\npm\\node_modules\\npm\\bin\\npm-cli.js',
1 verbose cli   'run',
1 verbose cli   'build:live' ]
2 info using npm@4.0.3
3 info using node@v7.10.0
4 verbose run-script [ 'prebuild:live', 'build:live', 'postbuild:live' ]
5 info lifecycle react-boilerplate@0.1.0~prebuild:live: react-boilerplate@0.1.0
6 silly lifecycle react-boilerplate@0.1.0~prebuild:live: no script for prebuild:live, continuing
7 info lifecycle react-boilerplate@0.1.0~build:live: react-boilerplate@0.1.0
8 verbose lifecycle react-boilerplate@0.1.0~build:live: unsafe-perm in lifecycle true
9 verbose lifecycle react-boilerplate@0.1.0~build:live: PATH: C:\Users\zarko\AppData\Roaming\npm\node_modules\npm\bin\node-gyp-bin;C:\Users\zarko\Code\kaptura\node_modules\.bin;C:\ProgramData\Oracle\Java\javapath;C:\Program Files (x86)\Razer Chroma SDK\bin;C:\Program Files\Razer Chroma SDK\bin;C:\WINDOWS\system32;C:\WINDOWS;C:\WINDOWS\System32\Wbem;C:\WINDOWS\System32\WindowsPowerShell\v1.0\;C:\Program Files\Git\cmd;C:\xampp\php;C:\ProgramData\ComposerSetup\bin;C:\Users\zarko\AppData\Roaming\npm;C:\adb;C:\Program Files (x86)\Heroku\bin;C:\Program Files (x86)\git\cmd;C:\ProgramData\chocolatey\bin;C:\Program Files (x86)\NVIDIA Corporation\PhysX\Common;C:\WINDOWS\system32;C:\WINDOWS;C:\WINDOWS\System32\Wbem;C:\WINDOWS\System32\WindowsPowerShell\v1.0\;C:\HashiCorp\Vagrant\bin;C:\Users\zarko\AppData\Roaming\nvm;C:\Program Files\nodejs;C:\Program Files (x86)\PuTTY\;C:\Program Files\Java\jdk1.8.0_121\bin;C:\Program Files (x86)\Skype\Phone\;C:\Program Files\TortoiseGit\bin;C:\Program Files (x86)\Calibre2\;C:\Program Files (x86)\Microsoft VS Code\bin;C:\Users\zarko\AppData\Local\atom\bin;C:\Program Files\MongoDB\Server\3.2\bin;C:\Users\zarko\AppData\Roaming\Composer\vendor\bin;C:\Program Files (x86)\Git\bin;C:\Program Files (x86)\HMA! Pro VPN\bin;C:\Users\zarko\AppData\Local\Microsoft\WindowsApps;C:\Android\android-sdk\platform-tools;C:\Android\android-sdk\tools;C:\ant\bin;C:\Users\zarko\AppData\Roaming\npm;C:\Users\zarko\AppData\Roaming\nvm;C:\Program Files\nodejs;C:\Users\zarko\AppData\Local\Android\android-sdk\tools;C:\Users\zarko\AppData\Local\Android\android-sdk\platform-tools;
10 verbose lifecycle react-boilerplate@0.1.0~build:live: CWD: C:\Users\zarko\Code\kaptura
11 silly lifecycle react-boilerplate@0.1.0~build:live: Args: [ '/d /s /c', 'npm-bin/ts-node -- ./server/index.ts' ]
12 silly lifecycle react-boilerplate@0.1.0~build:live: Returned: code: 1  signal: null
13 info lifecycle react-boilerplate@0.1.0~build:live: Failed to exec build:live script
14 verbose stack Error: react-boilerplate@0.1.0 build:live: `npm-bin/ts-node -- ./server/index.ts`
14 verbose stack Exit status 1
14 verbose stack     at EventEmitter.<anonymous> (C:\Users\zarko\AppData\Roaming\npm\node_modules\npm\lib\utils\lifecycle.js:279:16)
14 verbose stack     at emitTwo (events.js:106:13)
14 verbose stack     at EventEmitter.emit (events.js:194:7)
14 verbose stack     at ChildProcess.<anonymous> (C:\Users\zarko\AppData\Roaming\npm\node_modules\npm\lib\utils\spawn.js:40:14)
14 verbose stack     at emitTwo (events.js:106:13)
14 verbose stack     at ChildProcess.emit (events.js:194:7)
14 verbose stack     at maybeClose (internal/child_process.js:899:16)
14 verbose stack     at Process.ChildProcess._handle.onexit (internal/child_process.js:226:5)
15 verbose pkgid react-boilerplate@0.1.0
16 verbose cwd C:\Users\zarko\Code\kaptura
17 error Windows_NT 10.0.14393
18 error argv "C:\\Program Files\\nodejs\\node.exe" "C:\\Users\\zarko\\AppData\\Roaming\\npm\\node_modules\\npm\\bin\\npm-cli.js" "run" "build:live"
19 error node v7.10.0
20 error npm  v4.0.3
21 error code ELIFECYCLE
22 error react-boilerplate@0.1.0 build:live: `npm-bin/ts-node -- ./server/index.ts`
22 error Exit status 1
23 error Failed at the react-boilerplate@0.1.0 build:live script 'npm-bin/ts-node -- ./server/index.ts'.
23 error Make sure you have the latest version of node.js and npm installed.
23 error If you do, this is most likely a problem with the react-boilerplate package,
23 error not with npm itself.
23 error Tell the author that this fails on your system:
23 error     npm-bin/ts-node -- ./server/index.ts
23 error You can get information on how to open an issue for this project with:
23 error     npm bugs react-boilerplate
23 error Or if that isn't available, you can get their info via:
23 error     npm owner ls react-boilerplate
23 error There is likely additional logging output above.
24 verbose exit [ 1, true ]
